Command: report datapath > reports/generic/scr1_pipe_top_datapath.rpt
============================================================
  Generated by:           Genus(TM) Synthesis Solution 21.12-s068_1
  Generated on:           Mar 12 2023  08:06:49 am
  Module:                 scr1_pipe_top
  Operating conditions:   slow 
  Interconnect mode:      global
  Area mode:              physical library
============================================================


Inferred components

              Operator Signedness  Inputs Outputs CellArea 
===========================================================
scr1_pipe_top
 i_pipe_exu_add_632_28
  
  module:add_unsigned_443
   very_fast      +    unsigned   32x3    32        352.83 
===========================================================
scr1_pipe_top
 i_pipe_exu_i_ialu_add_231_50
  
  module:add_unsigned_733
   very_fast      +    unsigned   32x32   32        998.81 
===========================================================
scr1_pipe_top
 i_pipe_exu_i_ialu_sub_202_49_Y_i_pipe_exu_i_ialu_add_203_49
  
  module:addsub_unsigned_2171
   very_fast     +,-   unsigned   32x32x1 33       1333.47 
  equation:
  assign Z = AS ? A-B : A+B;
-----------------------------------------------------------
   sub_202_49     -    unsigned   32x32   33               
   add_203_49     +    unsigned   32x32   33               
===========================================================

      Type        CellArea  Percentage 
---------------------------------------
datapath modules    2685.11       0.04 
external muxes         0.00       0.00 
others           6568988.07      99.96 
---------------------------------------
total            6571673.18     100.00 

