============================================================
  Generated by:           Genus(TM) Synthesis Solution 21.12-s068_1
  Generated on:           Mar 12 2023  08:06:49 am
  Module:                 scr1_pipe_top
  Operating conditions:   slow 
  Interconnect mode:      global
  Area mode:              physical library
============================================================

Timing
--------

Clock Period 
-------------
clk   8000.0 


        Cost          Critical               Violating 
       Group         Path Slack     TNS        Paths   
-------------------------------------------------------
C2C                     -2245.3   -188211.8        173 
C2O                    No paths         0.0            
cg_enable_group_clk     -1641.2    -12454.4         13 
clk                    No paths         0.0            
default                No paths         0.0            
I2C                    No paths         0.0            
I2O                    No paths         0.0            
-------------------------------------------------------
Total                             -200666.2        186 

Instance Count
--------------
Leaf Instance Count             5200 
Physical Instance count            0 
Sequential Instance Count        235 
Combinational Instance Count    4965 
Hierarchical Instance Count       18 

Area
----
Cell Area                          6571673.176
Physical Cell Area                 0.000
Total Cell Area (Cell+Physical)    6571673.176
Net Area                           274.231
Total Area (Cell+Physical+Net)     6571947.407

Runtime                            0.0 seconds
Elapsed Runtime                    71 seconds
Genus peak memory usage            1416.52 
Innovus peak memory usage          no_value 
Hostname                           scc322231.zsc3.intel.com
