============================================================
  Generated by:           Genus(TM) Synthesis Solution 21.12-s068_1
  Generated on:           Mar 12 2023  08:07:24 am
  Module:                 scr1_pipe_top
  Operating conditions:   slow 
  Interconnect mode:      global
  Area mode:              physical library
============================================================

Timing
--------

Clock Period 
-------------
clk   8000.0 


        Cost          Critical               Violating 
       Group         Path Slack     TNS        Paths   
-------------------------------------------------------
C2C                     -2263.8   -230802.6        176 
C2O                    No paths         0.0            
cg_enable_group_clk     -1542.1    -14576.8         14 
clk                    No paths         0.0            
default                No paths         0.0            
I2C                    No paths         0.0            
I2O                    No paths         0.0            
-------------------------------------------------------
Total                             -245379.4        190 

Instance Count
--------------
Leaf Instance Count             3330 
Physical Instance count            0 
Sequential Instance Count        235 
Combinational Instance Count    3095 
Hierarchical Instance Count       15 

Area
----
Cell Area                          6566417.614
Physical Cell Area                 0.000
Total Cell Area (Cell+Physical)    6566417.614
Net Area                           3803.912
Total Area (Cell+Physical+Net)     6570221.526

Runtime                            0.0 seconds
Elapsed Runtime                    106 seconds
Genus peak memory usage            1425.66 
Innovus peak memory usage          no_value 
Hostname                           scc322231.zsc3.intel.com
