============================================================
  Generated by:           Genus(TM) Synthesis Solution 21.12-s068_1
  Generated on:           Mar 12 2023  08:07:24 am
  Module:                 scr1_pipe_top
  Operating conditions:   slow 
  Interconnect mode:      global
  Area mode:              physical library
============================================================

                                              Leakage   
        Gate         Instances     Area      Power (nW)                 Library                 
------------------------------------------------------------------------------------------------
ACHCONX2                     1       12.654       0.602    gpdk045bc                            
ADDFXL                       1        6.840       0.168    gpdk045bc                            
ADDHX1                      12       61.560       2.175    gpdk045bc                            
ADDHX2                       2       10.260       0.465    gpdk045bc                            
ADDHX4                       1        7.182       0.416    gpdk045bc                            
ADDHXL                      23      110.124       3.639    gpdk045bc                            
AND2X1                      15       25.650       0.840    gpdk045bc                            
AND2X2                      24       49.248       2.142    gpdk045bc                            
AND2X4                      19       58.482       3.376    gpdk045bc                            
AND2X6                       7       26.334       2.005    gpdk045bc                            
AND2X8                       2        8.892       0.704    gpdk045bc                            
AND2XL                      58       99.180       2.687    gpdk045bc                            
AND3X1                       2        4.788       0.150    gpdk045bc                            
AND3X2                       5       13.680       0.467    gpdk045bc                            
AND3X4                       1        3.078       0.185    gpdk045bc                            
AND3XL                       6       12.312       0.393    gpdk045bc                            
AND4X4                       1        3.762       0.211    gpdk045bc                            
AND4XL                       5       11.970       0.424    gpdk045bc                            
AO21X1                       3        7.182       0.224    gpdk045bc                            
AO21X4                       3       10.260       0.643    gpdk045bc                            
AO21XL                      27       64.638       1.639    gpdk045bc                            
AO22X1                       1        3.078       0.079    gpdk045bc                            
AO22X4                      23       86.526       5.101    gpdk045bc                            
AO22XL                      22       60.192       1.419    gpdk045bc                            
AOI211X1                     3        7.182       0.340    gpdk045bc                            
AOI211X2                     1        3.420       0.225    gpdk045bc                            
AOI211X4                     5       32.490       2.259    gpdk045bc                            
AOI211XL                    14       28.728       0.793    gpdk045bc                            
AOI21X1                     25       51.300       2.031    gpdk045bc                            
AOI21X2                     67      183.312      10.910    gpdk045bc                            
AOI21X4                     41      210.330      13.378    gpdk045bc                            
AOI21XL                     42       71.820       1.731    gpdk045bc                            
AOI221X1                     2        6.156       0.238    gpdk045bc                            
AOI221X2                     3       13.338       0.696    gpdk045bc                            
AOI221XL                    10       34.200       0.613    gpdk045bc                            
AOI222X1                     2        6.156       0.254    gpdk045bc                            
AOI222XL                    62      212.040       4.293    gpdk045bc                            
AOI22X1                     13       31.122       1.255    gpdk045bc                            
AOI22X2                     13       48.906       2.509    gpdk045bc                            
AOI22X4                     10       61.560       3.858    gpdk045bc                            
AOI22XL                     43      102.942       2.309    gpdk045bc                            
AOI2BB1X1                    4        8.208       0.344    gpdk045bc                            
AOI2BB1X2                    8       24.624       1.077    gpdk045bc                            
AOI2BB1X4                    5       20.520       1.339    gpdk045bc                            
AOI2BB1XL                   14       28.728       0.904    gpdk045bc                            
AOI2BB2X2                    3       15.390       0.695    gpdk045bc                            
AOI2BB2X4                    4       30.096       1.810    gpdk045bc                            
AOI31XL                      6       16.416       0.318    gpdk045bc                            
AOI32X1                      1        3.078       0.112    gpdk045bc                            
AOI32X2                      2        8.892       0.447    gpdk045bc                            
AOI32XL                      5       13.680       0.317    gpdk045bc                            
BUFX12                       2       10.260       1.008    gpdk045bc                            
BUFX16                       3       20.520       2.016    gpdk045bc                            
BUFX2                        3        5.130       0.256    gpdk045bc                            
BUFX20                       6       49.248       5.042    gpdk045bc                            
BUFX3                       11       22.572       1.502    gpdk045bc                            
BUFX4                        8       19.152       1.357    gpdk045bc                            
BUFX6                      116      357.048      31.369    gpdk045bc                            
BUFX8                        2        7.524       0.672    gpdk045bc                            
DFFQX2                       1        6.498       0.248    gpdk045bc                            
DFFQXL                      56      306.432      10.384    gpdk045bc                            
DFFRHQX2                    24      188.784       7.832    gpdk045bc                            
DFFRX1                      50      427.500      13.672    gpdk045bc                            
DFFRXL                      12      102.600       2.913    gpdk045bc                            
DFFSHQX1                     1        8.208       0.291    gpdk045bc                            
INVX1                       48       32.832       1.594    gpdk045bc                            
INVX12                       2        8.208       0.788    gpdk045bc                            
INVX16                       8       43.776       4.274    gpdk045bc                            
INVX2                       51       52.326       3.389    gpdk045bc                            
INVX20                       2       12.996       1.314    gpdk045bc                            
INVX3                       20       27.360       1.993    gpdk045bc                            
INVX4                       26       44.460       3.454    gpdk045bc                            
INVX6                       21       43.092       4.133    gpdk045bc                            
INVX8                       24       73.872       6.292    gpdk045bc                            
INVXL                      177      121.068       3.387    gpdk045bc                            
MX2X4                        2        8.208       0.432    gpdk045bc                            
MX2XL                       24       65.664       1.943    gpdk045bc                            
MXI2X1                       1        2.736       0.100    gpdk045bc                            
MXI2XL                      52      124.488       3.425    gpdk045bc                            
NAND2BX1                    33       45.144       2.799    gpdk045bc                            
NAND2BX2                    20       41.040       3.017    gpdk045bc                            
NAND2BX4                    15       51.300       4.510    gpdk045bc                            
NAND2BXL                    49       83.790       2.789    gpdk045bc                            
NAND2X1                     79       81.054       5.215    gpdk045bc                            
NAND2X2                     95      162.450      12.548    gpdk045bc                            
NAND2X4                    115      393.300      30.352    gpdk045bc                            
NAND2X6                     51      244.188      20.194    gpdk045bc                            
NAND2X8                     30      164.160      15.581    gpdk045bc                            
NAND2XL                    201      274.968       7.669    gpdk045bc                            
NAND3BX4                     1        5.130       0.429    gpdk045bc                            
NAND3BXL                     3        5.130       0.227    gpdk045bc                            
NAND3X1                      1        1.710       0.098    gpdk045bc                            
NAND3X2                      2        5.472       0.393    gpdk045bc                            
NAND3X4                      6       28.728       2.351    gpdk045bc                            
NAND3X8                      3       24.624       2.304    gpdk045bc                            
NAND3XL                     11       18.810       0.626    gpdk045bc                            
NAND4BXL                     1        2.394       0.094    gpdk045bc                            
NAND4X1                      1        2.052       0.130    gpdk045bc                            
NAND4X6                      1        8.550       0.759    gpdk045bc                            
NAND4XL                     23       47.196       1.733    gpdk045bc                            
NOR2BX1                      6       10.260       0.407    gpdk045bc                            
NOR2BX2                     17       46.512       1.980    gpdk045bc                            
NOR2BX4                      3       11.286       0.641    gpdk045bc                            
NOR2BXL                     49       83.790       2.264    gpdk045bc                            
NOR2X1                      34       46.512       1.652    gpdk045bc                            
NOR2X2                      72      147.744       6.997    gpdk045bc                            
NOR2X4                      48      164.160       9.328    gpdk045bc                            
NOR2X6                      37      164.502      10.802    gpdk045bc                            
NOR2X8                      29      158.688      11.203    gpdk045bc                            
NOR2XL                     128      131.328       3.456    gpdk045bc                            
NOR3BXL                      4        8.208       0.216    gpdk045bc                            
NOR3X2                       1        2.736       0.128    gpdk045bc                            
NOR3X4                       3       15.390       0.766    gpdk045bc                            
NOR3X6                       2       14.364       0.767    gpdk045bc                            
NOR3X8                       4       35.568       2.036    gpdk045bc                            
NOR3XL                      10       17.100       0.348    gpdk045bc                            
NOR4X2                       1        3.420       0.158    gpdk045bc                            
NOR4XL                       1        2.052       0.043    gpdk045bc                            
OA21X1                       2        4.788       0.141    gpdk045bc                            
OA21X4                       2        7.524       0.408    gpdk045bc                            
OA21XL                       2        5.472       0.113    gpdk045bc                            
OA22XL                       2        6.156       0.137    gpdk045bc                            
OAI211X1                     4        8.208       0.454    gpdk045bc                            
OAI211X2                     2        8.208       0.454    gpdk045bc                            
OAI211X4                    15       97.470       6.788    gpdk045bc                            
OAI211XL                    10       20.520       0.647    gpdk045bc                            
OAI21X1                     31       63.612       2.520    gpdk045bc                            
OAI21X2                     39      120.042       6.339    gpdk045bc                            
OAI21X4                     35      167.580      11.369    gpdk045bc                            
OAI21XL                     79      135.090       3.628    gpdk045bc                            
OAI221X1                     1        2.736       0.129    gpdk045bc                            
OAI221X2                    10       47.880       2.575    gpdk045bc                            
OAI221X4                     2       15.732       1.027    gpdk045bc                            
OAI221XL                    14       43.092       1.013    gpdk045bc                            
OAI222X1                     1        3.078       0.144    gpdk045bc                            
OAI222XL                     7       21.546       0.562    gpdk045bc                            
OAI22X2                      7       23.940       1.351    gpdk045bc                            
OAI22X4                      4       25.992       1.545    gpdk045bc                            
OAI22XL                     18       36.936       0.966    gpdk045bc                            
OAI2BB1X1                    6       12.312       0.532    gpdk045bc                            
OAI2BB1X2                   18       55.404       2.784    gpdk045bc                            
OAI2BB1X4                   20       88.920       6.163    gpdk045bc                            
OAI2BB1XL                   64      131.328       3.923    gpdk045bc                            
OAI2BB2X1                    1        4.104       0.135    gpdk045bc                            
OAI2BB2X4                    1        8.550       0.457    gpdk045bc                            
OAI2BB2XL                    1        3.762       0.092    gpdk045bc                            
OAI31X1                      1        2.052       0.102    gpdk045bc                            
OAI31XL                      3        7.182       0.161    gpdk045bc                            
OAI33XL                      1        3.078       0.071    gpdk045bc                            
OR2X1                       14       23.940       0.993    gpdk045bc                            
OR2X2                        5       10.260       0.521    gpdk045bc                            
OR2X4                        7       21.546       1.446    gpdk045bc                            
OR2X6                       19       77.976       6.539    gpdk045bc                            
OR2XL                       29       49.590       1.648    gpdk045bc                            
OR3X1                        5       10.260       0.448    gpdk045bc                            
OR3X4                        2        6.156       0.487    gpdk045bc                            
OR3X6                        1        4.788       0.418    gpdk045bc                            
OR3XL                       11       22.572       0.831    gpdk045bc                            
OR4X1                        3        7.182       0.326    gpdk045bc                            
OR4X4                        1        3.762       0.280    gpdk045bc                            
OR4X6                        1        5.472       0.492    gpdk045bc                            
OR4XL                        6       16.416       0.567    gpdk045bc                            
SDFFRHQX1                    2       19.152       0.744    gpdk045bc                            
SDFFRXL                     64      656.640      18.733    gpdk045bc                            
TLATNTSCAX2                 15       97.470       3.249    gpdk045bc                            
XNOR2X1                     10       30.780       1.255    gpdk045bc                            
XNOR2X2                      7       28.728       1.111    gpdk045bc                            
XNOR2X4                     50      205.200      13.526    gpdk045bc                            
XNOR2XL                      6       20.520       0.669    gpdk045bc                            
XOR2X1                       3        9.234       0.377    gpdk045bc                            
XOR2X2                       3       10.260       0.477    gpdk045bc                            
XOR2X4                       2        8.208       0.542    gpdk045bc                            
XOR2XL                      36      110.808       4.024    gpdk045bc                            
i2c_master_top               1     5383.840       0.000    i2c_master_top                       
sram_32_1024_scl180          8  6548186.202  267696.000    sram_32_1024_scl180_max_1p8V_25C_lib 
uart                         1     3228.480       0.000    uart                                 
------------------------------------------------------------------------------------------------
total                     3330  6566417.614  268179.728                                         


                                                                         Leakage  Leakage 
               Library               Instances Instances %     Area    Power (nW) Power % 
------------------------------------------------------------------------------------------
gpdk045bc                                 3320        99.7    9619.092    483.728     0.2 
i2c_master_top                               1         0.0    5383.840      0.000     0.0 
sram_32_1024_scl180_max_1p8V_25C_lib         8         0.2 6548186.202 267696.000    99.8 
uart                                         1         0.0    3228.480      0.000     0.0 

                                                            Leakage  Leakage 
            Type             Instances     Area    Area % Power (nW) Power % 
-----------------------------------------------------------------------------
timing_model                        10 6556798.522   99.9 267696.000    99.8 
sequential                         210    1715.814    0.0     54.816     0.0 
inverter                           379     459.990    0.0     30.618     0.0 
buffer                             151     491.454    0.0     43.222     0.0 
clock_gating_integrated_cell        15      97.470    0.0      3.249     0.0 
logic                             2565    6854.364    0.1    351.823     0.1 
physical_cells                       0       0.000    0.0      0.000     0.0 
-----------------------------------------------------------------------------
total                             3330 6566417.614  100.0 268179.728   100.0 

