============================================================
  Generated by:           Genus(TM) Synthesis Solution 21.12-s068_1
  Generated on:           Mar 12 2023  08:07:45 am
  Module:                 scr1_pipe_top
  Operating conditions:   slow 
  Interconnect mode:      global
  Area mode:              physical library
============================================================


Path 1: VIOLATED (-1503 ps) Clock Gating Setup Check at cgic pin RC_CG_HIER_INST12/RC_CGIC_INST/E
          Group: cg_enable_group_clk
     Startpoint: (F) sram_32_1024_scl180_ram8/clk0
          Clock: (F) clk
       Endpoint: (F) RC_CG_HIER_INST12/RC_CGIC_INST/E
          Clock: (R) clk

                     Capture       Launch     
        Clock Edge:+    8000         4000     
       Src Latency:+       0            0     
       Net Latency:+       0 (I)        0 (I) 
           Arrival:=    8000         4000     
                                              
  Gate Check Setup:-     120                  
     Required Time:=    7880                  
      Launch Clock:-    4000                  
         Data Path:-    5384                  
             Slack:=   -1503                  

#----------------------------------------------------------------------------------------------------------------------------------------------------------------------------
#                            Timing Point                             Flags        Arc        Edge        Cell             Power    Fanout Load Trans Delay Arrival Instance 
#                                                                                                                          Domain          (fF)  (ps)  (ps)   (ps)  Location 
#----------------------------------------------------------------------------------------------------------------------------------------------------------------------------
  sram_32_1024_scl180_ram8/clk0                                       -       -               F     (arrival)            pd_SOC_TOP     32    -     0     0    4000    (-,-) 
  sram_32_1024_scl180_ram8/dout0[22]                                  (P)     clk0->dout0[22] F     sram_32_1024_scl180  pd_SOC_TOP      3 17.9    12  3253    7253    (-,-) 
  i_pipe_exu_i_ialu_sub_202_49_Y_i_pipe_exu_i_ialu_add_203_49_g3137/Y -       B->Y            F     AND2X4               pd_SOC_TOP      2 12.1    76   186    7439    (-,-) 
  i_pipe_exu_i_ialu_sub_202_49_Y_i_pipe_exu_i_ialu_add_203_49_g2907/Y -       A->Y            R     NOR2X8               pd_SOC_TOP      2  9.3    63    65    7505    (-,-) 
  i_pipe_exu_i_ialu_sub_202_49_Y_i_pipe_exu_i_ialu_add_203_49_g2853/Y -       A1->Y           F     OAI21X4              pd_SOC_TOP      2  9.7   122    94    7599    (-,-) 
  i_pipe_exu_i_ialu_sub_202_49_Y_i_pipe_exu_i_ialu_add_203_49_g2827/Y -       A1->Y           R     AOI21X4              pd_SOC_TOP      2 10.2   111   108    7707    (-,-) 
  i_pipe_exu_i_ialu_sub_202_49_Y_i_pipe_exu_i_ialu_add_203_49_g2799/Y -       B0->Y           F     OAI21X4              pd_SOC_TOP      1  7.4   105    98    7804    (-,-) 
  i_pipe_exu_i_ialu_sub_202_49_Y_i_pipe_exu_i_ialu_add_203_49_g2792/Y -       A->Y            F     BUFX20               pd_SOC_TOP     15 75.4    82   126    7930    (-,-) 
  i_pipe_exu_i_ialu_sub_202_49_Y_i_pipe_exu_i_ialu_add_203_49_g2770/Y -       A1->Y           R     AOI21X4              pd_SOC_TOP      1  5.3    81    77    8007    (-,-) 
  i_pipe_exu_i_ialu_sub_202_49_Y_i_pipe_exu_i_ialu_add_203_49_g2743/Y -       B->Y            F     XNOR2X4              pd_SOC_TOP      2  8.0    86   203    8210    (-,-) 
  g56203/Y                                                            -       A->Y            F     OR2X6                pd_SOC_TOP      1  9.7    56   133    8343    (-,-) 
  g56047/Y                                                            -       A->Y            R     NOR2X8               pd_SOC_TOP      2 17.1    92    74    8417    (-,-) 
  g56017/Y                                                            -       A->Y            F     INVX8                pd_SOC_TOP      1  9.9    42    51    8468    (-,-) 
  g55968/Y                                                            -       B->Y            R     NOR2X8               pd_SOC_TOP      2 16.3    89    59    8528    (-,-) 
  g55874/Y                                                            -       B->Y            F     NAND2X6              pd_SOC_TOP      2  9.3    86    76    8604    (-,-) 
  g55549__6260/Y                                                      -       B->Y            R     NOR2X4               pd_SOC_TOP      2 11.8   117    87    8691    (-,-) 
  g55488__2802/Y                                                      -       A->Y            F     NOR2X6               pd_SOC_TOP      2 10.4    59    72    8763    (-,-) 
  g54990__4319/Y                                                      -       A1->Y           R     AOI21X4              pd_SOC_TOP      1  9.6   124    85    8848    (-,-) 
  g54962__6783/Y                                                      -       A->Y            F     NOR2X8               pd_SOC_TOP      3 15.9    65    76    8924    (-,-) 
  g54917__2346/Y                                                      -       B->Y            R     NOR2X6               pd_SOC_TOP      1  6.7    89    53    8977    (-,-) 
  g54886__5115/Y                                                      -       B0->Y           F     AOI21X4              pd_SOC_TOP      2  9.3   122    62    9038    (-,-) 
  g54699__2883/Y                                                      -       A1->Y           R     OAI21X4              pd_SOC_TOP      3 12.9   141   114    9152    (-,-) 
  g57802/S                                                            -       B->S            F     ADDHX2               pd_SOC_TOP      2  7.6    97   231    9384    (-,-) 
  RC_CG_HIER_INST12/RC_CGIC_INST/E                                    -       -               F     TLATNTSCAX2          pd_SOC_TOP      2    -     -     0    9384    (-,-) 
#----------------------------------------------------------------------------------------------------------------------------------------------------------------------------

(P) : Instance is preserved

