============================================================
  Generated by:           Genus(TM) Synthesis Solution 21.12-s068_1
  Generated on:           Mar 12 2023  08:07:24 am
  Module:                 scr1_pipe_top
  Operating conditions:   slow 
  Interconnect mode:      global
  Area mode:              physical library
============================================================


Path 1: VIOLATED (-1542 ps) Clock Gating Setup Check at cgic pin RC_CG_HIER_INST12/RC_CGIC_INST/E
          Group: cg_enable_group_clk
     Startpoint: (F) sram_32_1024_scl180_ram8/clk0
          Clock: (F) clk
       Endpoint: (R) RC_CG_HIER_INST12/RC_CGIC_INST/E
          Clock: (R) clk

                     Capture       Launch     
        Clock Edge:+    8000         4000     
       Src Latency:+       0            0     
       Net Latency:+       0 (I)        0 (I) 
           Arrival:=    8000         4000     
                                              
  Gate Check Setup:-     124                  
     Required Time:=    7876                  
      Launch Clock:-    4000                  
         Data Path:-    5418                  
             Slack:=   -1542                  

#----------------------------------------------------------------------------------------------------------------------------------------------------------------------------
#                            Timing Point                             Flags        Arc        Edge        Cell             Power    Fanout Load Trans Delay Arrival Instance 
#                                                                                                                          Domain          (fF)  (ps)  (ps)   (ps)  Location 
#----------------------------------------------------------------------------------------------------------------------------------------------------------------------------
  sram_32_1024_scl180_ram8/clk0                                       -       -               F     (arrival)            pd_SOC_TOP     32    -     0     0    4000    (-,-) 
  sram_32_1024_scl180_ram8/dout0[30]                                  (P)     clk0->dout0[30] R     sram_32_1024_scl180  pd_SOC_TOP      1  8.6     8  3225    7225    (-,-) 
  fopt56753/Y                                                         -       A->Y            R     BUFX16               pd_SOC_TOP      3 21.3    40   112    7337    (-,-) 
  i_pipe_exu_i_ialu_sub_202_49_Y_i_pipe_exu_i_ialu_add_203_49_g3032/Y -       B->Y            F     NAND2X8              pd_SOC_TOP      2 13.0   142    62    7398    (-,-) 
  i_pipe_exu_i_ialu_sub_202_49_Y_i_pipe_exu_i_ialu_add_203_49_g3000/Y -       A->Y            R     INVX6                pd_SOC_TOP      3 13.2    64    71    7469    (-,-) 
  i_pipe_exu_i_ialu_sub_202_49_Y_i_pipe_exu_i_ialu_add_203_49_g2870/Y -       A0N->Y          R     OAI2BB1X4            pd_SOC_TOP      1  5.4    63   157    7627    (-,-) 
  i_pipe_exu_i_ialu_sub_202_49_Y_i_pipe_exu_i_ialu_add_203_49_g2828/Y -       B->Y            R     OR2X6                pd_SOC_TOP      3 16.3    58    94    7720    (-,-) 
  i_pipe_exu_i_ialu_sub_202_49_Y_i_pipe_exu_i_ialu_add_203_49_g2808/Y -       A1->Y           F     AOI21X4              pd_SOC_TOP      1  7.4   104    83    7803    (-,-) 
  i_pipe_exu_i_ialu_sub_202_49_Y_i_pipe_exu_i_ialu_add_203_49_g2800/Y -       A->Y            F     BUFX20               pd_SOC_TOP      9 42.4    56   110    7913    (-,-) 
  i_pipe_exu_i_ialu_sub_202_49_Y_i_pipe_exu_i_ialu_add_203_49_g2783/Y -       A1N->Y          F     OAI2BB2X4            pd_SOC_TOP      1  9.2   202   165    8078    (-,-) 
  fopt56620/Y                                                         -       A->Y            R     INVX8                pd_SOC_TOP      2 13.5    71    80    8158    (-,-) 
  g55708__6131/Y                                                      -       C->Y            F     NAND3X8              pd_SOC_TOP      1  9.9   125    90    8248    (-,-) 
  g55665__2802/Y                                                      -       B->Y            R     NOR2X8               pd_SOC_TOP      2 14.2    92    82    8331    (-,-) 
  g55651/Y                                                            -       A->Y            F     INVX8                pd_SOC_TOP      1  9.9    41    51    8382    (-,-) 
  g55611__4733/Y                                                      -       B->Y            R     NOR2X8               pd_SOC_TOP      1  9.9    65    47    8429    (-,-) 
  g55579__2346/Y                                                      -       B->Y            F     NAND2X8              pd_SOC_TOP      1 10.0    76    63    8492    (-,-) 
  g55520__3680/Y                                                      -       A->Y            R     NOR3X8               pd_SOC_TOP      1  9.9   115   104    8597    (-,-) 
  g55501__6161/Y                                                      -       B->Y            F     NOR2X8               pd_SOC_TOP      3 16.1    74    68    8665    (-,-) 
  g2/Y                                                                -       A1->Y           R     OAI21X4              pd_SOC_TOP      2 11.1   124    91    8756    (-,-) 
  g55108__1666/Y                                                      -       B->Y            F     NAND2X6              pd_SOC_TOP      1  9.9   139    90    8846    (-,-) 
  g54962__6783/Y                                                      -       B->Y            R     NOR2X8               pd_SOC_TOP      3 16.6   103    92    8937    (-,-) 
  g54917__2346/Y                                                      -       B->Y            F     NOR2X6               pd_SOC_TOP      1  6.7    63    57    8994    (-,-) 
  g54886__5115/Y                                                      -       B0->Y           R     AOI21X4              pd_SOC_TOP      2  9.3   104    74    9068    (-,-) 
  g54699__2883/Y                                                      -       A1->Y           F     OAI21X4              pd_SOC_TOP      3 12.4   143   119    9187    (-,-) 
  g56759/Y                                                            -       B->Y            R     XOR2X4               pd_SOC_TOP      3 10.5    93   230    9418    (-,-) 
  RC_CG_HIER_INST12/RC_CGIC_INST/E                                    -       -               R     TLATNTSCAX2          pd_SOC_TOP      3    -     -     0    9418    (-,-) 
#----------------------------------------------------------------------------------------------------------------------------------------------------------------------------

(P) : Instance is preserved

