============================================================
  Generated by:           Genus(TM) Synthesis Solution 21.12-s068_1
  Generated on:           Mar 12 2023  08:07:24 am
  Module:                 scr1_pipe_top
  Operating conditions:   slow 
  Interconnect mode:      global
  Area mode:              physical library
============================================================


Path 1: VIOLATED (-2264 ps) Setup Check with Pin i_pipe_ifu_imem_addr_ff_reg[29]/CK->D
          Group: C2C
     Startpoint: (F) sram_32_1024_scl180_ram8/clk0
          Clock: (F) clk
       Endpoint: (F) i_pipe_ifu_imem_addr_ff_reg[29]/D
          Clock: (R) clk

                     Capture       Launch     
        Clock Edge:+    8000         4000     
       Src Latency:+       0            0     
       Net Latency:+       0 (I)        0 (I) 
           Arrival:=    8000         4000     
                                              
             Setup:-      78                  
     Required Time:=    7922                  
      Launch Clock:-    4000                  
         Data Path:-    6186                  
             Slack:=   -2264                  

#----------------------------------------------------------------------------------------------------------------------------------------------------------------------------
#                            Timing Point                             Flags        Arc        Edge        Cell             Power    Fanout Load Trans Delay Arrival Instance 
#                                                                                                                          Domain          (fF)  (ps)  (ps)   (ps)  Location 
#----------------------------------------------------------------------------------------------------------------------------------------------------------------------------
  sram_32_1024_scl180_ram8/clk0                                       -       -               F     (arrival)            pd_SOC_TOP     32    -     0     0    4000    (-,-) 
  sram_32_1024_scl180_ram8/dout0[22]                                  (P)     clk0->dout0[22] F     sram_32_1024_scl180  pd_SOC_TOP      1  7.2     8  3221    7221    (-,-) 
  g56743/Y                                                            -       A->Y            F     BUFX8                pd_SOC_TOP      3 16.1    54   115    7336    (-,-) 
  i_pipe_exu_i_ialu_sub_202_49_Y_i_pipe_exu_i_ialu_add_203_49_g3015/Y -       B->Y            R     NOR2X8               pd_SOC_TOP      3 17.3   130    65    7401    (-,-) 
  i_pipe_exu_i_ialu_sub_202_49_Y_i_pipe_exu_i_ialu_add_203_49_g2936/Y -       B->Y            F     NOR2X8               pd_SOC_TOP      1  9.9    56    66    7467    (-,-) 
  i_pipe_exu_i_ialu_sub_202_49_Y_i_pipe_exu_i_ialu_add_203_49_g2907/Y -       B->Y            R     NOR2X8               pd_SOC_TOP      2  9.6    65    51    7518    (-,-) 
  i_pipe_exu_i_ialu_sub_202_49_Y_i_pipe_exu_i_ialu_add_203_49_g2853/Y -       A1->Y           F     OAI21X4              pd_SOC_TOP      2  9.7   122    95    7613    (-,-) 
  i_pipe_exu_i_ialu_sub_202_49_Y_i_pipe_exu_i_ialu_add_203_49_g2827/Y -       A1->Y           R     AOI21X4              pd_SOC_TOP      2 10.2   111   108    7721    (-,-) 
  i_pipe_exu_i_ialu_sub_202_49_Y_i_pipe_exu_i_ialu_add_203_49_g2799/Y -       B0->Y           F     OAI21X4              pd_SOC_TOP      1  7.4   105    98    7818    (-,-) 
  i_pipe_exu_i_ialu_sub_202_49_Y_i_pipe_exu_i_ialu_add_203_49_g2792/Y -       A->Y            F     BUFX20               pd_SOC_TOP     15 75.4    82   126    7944    (-,-) 
  i_pipe_exu_i_ialu_sub_202_49_Y_i_pipe_exu_i_ialu_add_203_49_g2791/Y -       A->Y            F     BUFX20               pd_SOC_TOP      4 23.0    40    93    8037    (-,-) 
  i_pipe_exu_i_ialu_sub_202_49_Y_i_pipe_exu_i_ialu_add_203_49_g2781/Y -       B->Y            R     NAND2X8              pd_SOC_TOP      1  6.9   122    30    8067    (-,-) 
  i_pipe_exu_i_ialu_sub_202_49_Y_i_pipe_exu_i_ialu_add_203_49_g2768/Y -       B->Y            F     NAND2BX4             pd_SOC_TOP      1  8.3   105    96    8163    (-,-) 
  i_pipe_exu_i_ialu_sub_202_49_Y_i_pipe_exu_i_ialu_add_203_49_g2753/Y -       B->Y            R     NAND2X6              pd_SOC_TOP      1  6.9    90    55    8218    (-,-) 
  i_pipe_exu_i_ialu_sub_202_49_Y_i_pipe_exu_i_ialu_add_203_49_g2744/Y -       B->Y            F     NAND2BX4             pd_SOC_TOP      2 11.8   129    99    8317    (-,-) 
  g56205/Y                                                            -       B->Y            R     NOR2X6               pd_SOC_TOP      1 10.1   113    82    8400    (-,-) 
  g55811/Y                                                            -       B->Y            F     NOR3X8               pd_SOC_TOP      3 16.1   128    76    8476    (-,-) 
  g55723/Y                                                            -       B->Y            R     NOR2X8               pd_SOC_TOP      2 14.0    92    83    8559    (-,-) 
  g55704/Y                                                            -       A->Y            F     INVX8                pd_SOC_TOP      2 13.3    48    55    8613    (-,-) 
  g55112__2398/Y                                                      -       B->Y            R     NOR2X8               pd_SOC_TOP      3 13.9    88    57    8670    (-,-) 
  g54984__6417/Y                                                      -       A1N->Y          R     AOI2BB1X4            pd_SOC_TOP      1  9.9   110   140    8810    (-,-) 
  g54961__5526/Y                                                      -       B->Y            F     NAND2X8              pd_SOC_TOP      2 13.4    94    85    8895    (-,-) 
  g54924__2398/Y                                                      -       B->Y            R     NOR2X6               pd_SOC_TOP      1  7.4   130    64    8959    (-,-) 
  g54898/Y                                                            -       A->Y            R     BUFX20               pd_SOC_TOP     10 50.2    57   124    9083    (-,-) 
  g54810__8428/Y                                                      -       A1->Y           R     AO22X4               pd_SOC_TOP      2 13.3    93   190    9273    (-,-) 
  g28552/Y                                                            -       B->Y            F     NAND2X8              pd_SOC_TOP      1  8.3    71    69    9342    (-,-) 
  g28304/Y                                                            -       B->Y            R     NAND2X6              pd_SOC_TOP      2 12.7    60    51    9393    (-,-) 
  g28208/Y                                                            -       B->Y            F     NAND2X8              pd_SOC_TOP      2 13.3    88    68    9461    (-,-) 
  g28171/Y                                                            -       B->Y            R     NOR2X8               pd_SOC_TOP      1 10.3    71    63    9524    (-,-) 
  g28133/Y                                                            -       B->Y            F     NAND3X8              pd_SOC_TOP      1  9.7   124   102    9626    (-,-) 
  g28127/Y                                                            -       A->Y            R     NOR2X8               pd_SOC_TOP      4 19.4   103   100    9725    (-,-) 
  g28118/Y                                                            -       B->Y            R     AND2X6               pd_SOC_TOP      1 14.9    66   142    9868    (-,-) 
  fopt56613/Y                                                         -       A->Y            F     INVX16               pd_SOC_TOP      2 22.9    40    44    9911    (-,-) 
  fopt56612/Y                                                         -       A->Y            R     INVX16               pd_SOC_TOP      4 18.0    28    29    9940    (-,-) 
  g28086/Y                                                            -       B->Y            F     NAND2X4              pd_SOC_TOP      2 11.8   126    78   10019    (-,-) 
  g28068/Y                                                            -       B->Y            R     NAND2X4              pd_SOC_TOP      1  6.7    55    67   10086    (-,-) 
  g28031/Y                                                            -       C0->Y           F     OAI211X4             pd_SOC_TOP      1  4.4   143   101   10186    (-,-) 
  i_pipe_ifu_imem_addr_ff_reg[29]/D                                   -       -               F     DFFRX1               pd_SOC_TOP      1    -     -     0   10186    (-,-) 
#----------------------------------------------------------------------------------------------------------------------------------------------------------------------------

(P) : Instance is preserved

