============================================================
  Generated by:           Genus(TM) Synthesis Solution 21.12-s068_1
  Generated on:           Mar 12 2023  08:05:58 am
  Module:                 scr1_pipe_top
  Operating conditions:   slow 
  Interconnect mode:      global
  Area mode:              physical library
============================================================

Some unconstrained paths have not been displayed.
Use -unconstrained or set the root attribute 'timing_report_unconstrained' to 'true' to see only these unconstrained paths.

============================================================
  Generated by:           Genus(TM) Synthesis Solution 21.12-s068_1
  Generated on:           Mar 12 2023  08:05:58 am
  Module:                 scr1_pipe_top
  Operating conditions:   slow 
  Interconnect mode:      global
  Area mode:              physical library
============================================================

No paths found

============================================================
  Generated by:           Genus(TM) Synthesis Solution 21.12-s068_1
  Generated on:           Mar 12 2023  08:05:58 am
  Module:                 scr1_pipe_top
  Operating conditions:   slow 
  Interconnect mode:      global
  Area mode:              physical library
============================================================

No paths found

============================================================
  Generated by:           Genus(TM) Synthesis Solution 21.12-s068_1
  Generated on:           Mar 12 2023  08:05:58 am
  Module:                 scr1_pipe_top
  Operating conditions:   slow 
  Interconnect mode:      global
  Area mode:              physical library
============================================================

No paths found

============================================================
  Generated by:           Genus(TM) Synthesis Solution 21.12-s068_1
  Generated on:           Mar 12 2023  08:05:58 am
  Module:                 scr1_pipe_top
  Operating conditions:   slow 
  Interconnect mode:      global
  Area mode:              physical library
============================================================


Path 1: VIOLATED (-5101 ps) Setup Check with Pin i_pipe_ifu/imem_addr_ff_reg[31]/clk->d
          Group: C2C
     Startpoint: (F) sram_32_1024_scl180_ram8/clk0
          Clock: (F) clk
       Endpoint: (R) i_pipe_ifu/imem_addr_ff_reg[31]/d
          Clock: (R) clk

                     Capture       Launch     
        Clock Edge:+    8000         4000     
       Src Latency:+       0            0     
       Net Latency:+       0 (I)        0 (I) 
           Arrival:=    8000         4000     
                                              
             Setup:-     185                  
     Required Time:=    7815                  
      Launch Clock:-    4000                  
         Data Path:-    8916                  
             Slack:=   -5101                  

#-------------------------------------------------------------------------------------------------------------------------------------------------------------
#                    Timing Point                      Flags        Arc        Edge        Cell             Power    Fanout Load Trans Delay Arrival Instance 
#                                                                                                           Domain          (fF)  (ps)  (ps)   (ps)  Location 
#-------------------------------------------------------------------------------------------------------------------------------------------------------------
  sram_32_1024_scl180_ram8/clk0                        -       -               F     (arrival)            pd_SOC_TOP    245    -     0     0    4000    (-,-) 
  sram_32_1024_scl180_ram8/dout0[30]                   (u,P)   clk0->dout0[30] R     sram_32_1024_scl180  pd_SOC_TOP     17 43.6     7  3340    7340    (-,-) 
  i_pipe_exu/i_ialu/sub_202_49/g36/z                   (u)     in_0->z         F     unmapped_nor2        pd_SOC_TOP      1  2.2     0    58    7399    (-,-) 
  i_pipe_exu/i_ialu/sub_202_49/g98/z                   (u)     in_0->z         R     unmapped_not         pd_SOC_TOP      2  4.4     0    47    7446    (-,-) 
  i_pipe_exu/i_ialu/sub_202_49/g99/z                   (u)     in_1->z         F     unmapped_nand2       pd_SOC_TOP      1  2.2     0    58    7505    (-,-) 
  i_pipe_exu/i_ialu/sub_202_49/g100/z                  (u)     in_1->z         R     unmapped_nand2       pd_SOC_TOP      3  6.6     0    84    7588    (-,-) 
  i_pipe_exu/i_ialu/sub_202_49/g164/z                  (u)     in_1->z         F     unmapped_nand2       pd_SOC_TOP      1  2.2     0    58    7647    (-,-) 
  i_pipe_exu/i_ialu/sub_202_49/g165/z                  (u)     in_1->z         R     unmapped_nand2       pd_SOC_TOP      5 11.0     0   104    7751    (-,-) 
  i_pipe_exu/i_ialu/sub_202_49/g245/z                  (u)     in_0->z         F     unmapped_nand2       pd_SOC_TOP      1  2.2     0    58    7810    (-,-) 
  i_pipe_exu/i_ialu/sub_202_49/g246/z                  (u)     in_1->z         R     unmapped_nand2       pd_SOC_TOP      9 19.8     0   124    7934    (-,-) 
  i_pipe_exu/i_ialu/sub_202_49/g315/z                  (u)     in_1->z         F     unmapped_nand2       pd_SOC_TOP      1  2.2     0    58    7992    (-,-) 
  i_pipe_exu/i_ialu/sub_202_49/g316/z                  (u)     in_1->z         R     unmapped_nand2       pd_SOC_TOP     17 37.4     0   152    8144    (-,-) 
  i_pipe_exu/i_ialu/sub_202_49/g395/z                  (u)     in_0->z         F     unmapped_nand2       pd_SOC_TOP      1  2.2     0    58    8203    (-,-) 
  i_pipe_exu/i_ialu/sub_202_49/g396/z                  (u)     in_1->z         R     unmapped_nand2       pd_SOC_TOP      1  2.2     0    58    8261    (-,-) 
  i_pipe_exu/i_ialu/sub_202_49/g479/z                  (u)     in_0->z         R     unmapped_xnor2       pd_SOC_TOP      1  2.2     0   118    8379    (-,-) 
  i_pipe_exu/i_ialu/mux_201_36/g2/z                    (u)     data1->z        R     unmapped_bmux3       pd_SOC_TOP      6 13.2     0   169    8548    (-,-) 
  i_pipe_exu/i_ialu/g29/z                              (u)     in_0->z         F     unmapped_nor4        pd_SOC_TOP      1  2.2     0   143    8691    (-,-) 
  i_pipe_exu/i_ialu/g36/z                              (u)     in_0->z         R     unmapped_nand4       pd_SOC_TOP      1  2.2     0   143    8834    (-,-) 
  i_pipe_exu/i_ialu/g38/z                              (u)     in_1->z         F     unmapped_nor2        pd_SOC_TOP      4  8.8     0    95    8930    (-,-) 
  i_pipe_exu/i_ialu/g18/z                              (u)     in_0->z         R     unmapped_not         pd_SOC_TOP      1  2.2     0    34    8964    (-,-) 
  i_pipe_exu/i_ialu/mux_ialu2exu_cmp_res_o_559_11/g1/z (u)     data3->z        R     unmapped_mux14       pd_SOC_TOP      1  2.2     0   234    9198    (-,-) 
  i_pipe_exu/g72/z                                     (u)     in_1->z         R     unmapped_and2        pd_SOC_TOP      1  2.2     0    58    9256    (-,-) 
  i_pipe_exu/g73/z                                     (u)     in_1->z         R     unmapped_or2         pd_SOC_TOP     33 72.6     0   184    9440    (-,-) 
  i_pipe_exu/g32/z                                     (u)     in_1->z         R     unmapped_and2        pd_SOC_TOP      2  4.4     0    71    9511    (-,-) 
  i_pipe_exu/g34/z                                     (u)     in_0->z         R     unmapped_and2        pd_SOC_TOP      2  4.4     0    71    9583    (-,-) 
  i_pipe_exu/g314/z                                    (u)     in_3->z         R     unmapped_or4         pd_SOC_TOP      1  2.2     0   143    9726    (-,-) 
  i_pipe_exu/g38/z                                     (u)     in_1->z         R     unmapped_and2        pd_SOC_TOP      3  6.6     0    84    9809    (-,-) 
  i_pipe_exu/g311/z                                    (u)     in_0->z         R     unmapped_or2         pd_SOC_TOP      1  2.2     0    58    9868    (-,-) 
  i_pipe_exu/g313/z                                    (u)     in_2->z         R     unmapped_or4         pd_SOC_TOP    105 24.2     0   270   10138    (-,-) 
  i_pipe_ifu/g22/z                                     (u)     in_0->z         R     unmapped_or2         pd_SOC_TOP      9 19.8     0   124   10262    (-,-) 
  i_pipe_ifu/mux_391_22/g2/z                           (u)     sel0->z         R     unmapped_bmux3       pd_SOC_TOP      2  4.4     0   131   10393    (-,-) 
  i_pipe_ifu/sub_432_79/g3/z                           (u)     in_0->z         F     unmapped_not         pd_SOC_TOP      2  4.4     0    47   10440    (-,-) 
  i_pipe_ifu/sub_432_79/g7/z                           (u)     in_1->z         R     unmapped_nor2        pd_SOC_TOP      1  2.2     0    58   10498    (-,-) 
  i_pipe_ifu/sub_432_79/g11/z                          (u)     in_0->z         F     unmapped_not         pd_SOC_TOP      2  4.4     0    47   10546    (-,-) 
  i_pipe_ifu/sub_432_79/g17/z                          (u)     in_0->z         R     unmapped_nand2       pd_SOC_TOP      1  2.2     0    58   10604    (-,-) 
  i_pipe_ifu/sub_432_79/g18/z                          (u)     in_1->z         F     unmapped_xnor2       pd_SOC_TOP      1  2.2     0   118   10722    (-,-) 
  i_pipe_ifu/sub_432_69/g3/z                           (u)     in_0->z         R     unmapped_not         pd_SOC_TOP      2  4.4     0    47   10769    (-,-) 
  i_pipe_ifu/sub_432_69/g8/z                           (u)     in_1->z         F     unmapped_nor2        pd_SOC_TOP      1  2.2     0    58   10828    (-,-) 
  i_pipe_ifu/sub_432_69/g14/z                          (u)     in_0->z         R     unmapped_not         pd_SOC_TOP      2  4.4     0    47   10875    (-,-) 
  i_pipe_ifu/sub_432_69/g15/z                          (u)     in_1->z         F     unmapped_nand2       pd_SOC_TOP      1  2.2     0    58   10934    (-,-) 
  i_pipe_ifu/sub_432_69/g16/z                          (u)     in_1->z         R     unmapped_nand2       pd_SOC_TOP      3  6.6     0    84   11017    (-,-) 
  i_pipe_ifu/sub_432_69/g29/z                          (u)     in_0->z         R     unmapped_xnor2       pd_SOC_TOP      1  2.2     0   118   11135    (-,-) 
  i_pipe_ifu/gt_436_59/g3/z                            (u)     in_0->z         F     unmapped_not         pd_SOC_TOP      2  4.4     0    47   11182    (-,-) 
  i_pipe_ifu/gt_436_59/g7/z                            (u)     in_1->z         R     unmapped_nor2        pd_SOC_TOP      1  2.2     0    58   11241    (-,-) 
  i_pipe_ifu/gt_436_59/g9/z                            (u)     in_0->z         F     unmapped_not         pd_SOC_TOP      1  2.2     0    34   11275    (-,-) 
  i_pipe_ifu/gt_436_59/g10/z                           (u)     in_1->z         R     unmapped_nand2       pd_SOC_TOP      1  2.2     0    58   11334    (-,-) 
  i_pipe_ifu/gt_436_59/g11/z                           (u)     in_1->z         F     unmapped_nand2       pd_SOC_TOP      1  2.2     0    58   11392    (-,-) 
  i_pipe_ifu/gt_436_59/g24/z                           (u)     in_0->z         R     unmapped_not         pd_SOC_TOP      1  2.2     0    34   11426    (-,-) 
  i_pipe_ifu/gt_436_59/g14/z                           (u)     in_1->z         F     unmapped_nand2       pd_SOC_TOP      1  2.2     0    58   11485    (-,-) 
  i_pipe_ifu/gt_436_59/g5/z                            (u)     in_0->z         R     unmapped_not         pd_SOC_TOP      1  2.2     0    34   11519    (-,-) 
  i_pipe_ifu/g66/z                                     (u)     in_1->z         R     unmapped_and2        pd_SOC_TOP      1  2.2     0    58   11578    (-,-) 
  i_pipe_ifu/g67/z                                     (u)     in_1->z         R     unmapped_or2         pd_SOC_TOP      2  6.0     0    58   11636    (-,-) 
  i_pipe_ifu/g50/z                                     (u)     in_0->z         R     unmapped_and2        pd_SOC_TOP     12 26.4     0   135   11772    (-,-) 
  i_pipe_ifu/add_512_97/g2/z                           (u)     in_1->z         F     unmapped_nand2       pd_SOC_TOP      1  2.2     0    58   11830    (-,-) 
  i_pipe_ifu/add_512_97/g433/z                         (u)     in_0->z         R     unmapped_not         pd_SOC_TOP      2  4.4     0    47   11877    (-,-) 
  i_pipe_ifu/add_512_97/g65/z                          (u)     in_0->z         F     unmapped_nand2       pd_SOC_TOP      1  2.2     0    58   11936    (-,-) 
  i_pipe_ifu/add_512_97/g435/z                         (u)     in_0->z         R     unmapped_not         pd_SOC_TOP      3  6.6     0    59   11995    (-,-) 
  i_pipe_ifu/add_512_97/g126/z                         (u)     in_1->z         F     unmapped_nand2       pd_SOC_TOP      1  2.2     0    58   12054    (-,-) 
  i_pipe_ifu/add_512_97/g437/z                         (u)     in_0->z         R     unmapped_not         pd_SOC_TOP      5 11.0     0    80   12134    (-,-) 
  i_pipe_ifu/add_512_97/g197/z                         (u)     in_0->z         F     unmapped_nand2       pd_SOC_TOP      1  2.2     0    58   12192    (-,-) 
  i_pipe_ifu/add_512_97/g441/z                         (u)     in_0->z         R     unmapped_not         pd_SOC_TOP      9 19.8     0   100   12293    (-,-) 
  i_pipe_ifu/add_512_97/g259/z                         (u)     in_1->z         F     unmapped_nand2       pd_SOC_TOP      1  2.2     0    58   12351    (-,-) 
  i_pipe_ifu/add_512_97/g449/z                         (u)     in_0->z         R     unmapped_not         pd_SOC_TOP     14 30.8     0   118   12470    (-,-) 
  i_pipe_ifu/add_512_97/g323/z                         (u)     in_0->z         F     unmapped_nand2       pd_SOC_TOP      1  2.2     0    58   12528    (-,-) 
  i_pipe_ifu/add_512_97/g462/z                         (u)     in_0->z         R     unmapped_not         pd_SOC_TOP      1  2.2     0    34   12562    (-,-) 
  i_pipe_ifu/add_512_97/g402/z                         (u)     in_0->z         R     unmapped_xnor2       pd_SOC_TOP      1  2.2     0   118   12680    (-,-) 
  i_pipe_ifu/mux_512_25/g1/z                           (u)     data1->z        R     unmapped_bmux3       pd_SOC_TOP      1  2.2     0   118   12798    (-,-) 
  i_pipe_ifu/mux_511_25/g1/z                           (u)     data0->z        R     unmapped_bmux3       pd_SOC_TOP      1  2.2     0   118   12916    (-,-) 
  i_pipe_ifu/imem_addr_ff_reg[31]/d                    -       -               R     unmapped_d_flop      pd_SOC_TOP      1    -     -     0   12916    (-,-) 
#-------------------------------------------------------------------------------------------------------------------------------------------------------------

(P) : Instance is preserved
(u) : Net has unmapped pin(s).

============================================================
  Generated by:           Genus(TM) Synthesis Solution 21.12-s068_1
  Generated on:           Mar 12 2023  08:05:58 am
  Module:                 scr1_pipe_top
  Operating conditions:   slow 
  Interconnect mode:      global
  Area mode:              physical library
============================================================

No paths found

