============================================================
  Generated by:           Genus(TM) Synthesis Solution 21.12-s068_1
  Generated on:           Mar 12 2023  08:07:46 am
  Module:                 scr1_pipe_top
  Operating conditions:   slow 
  Interconnect mode:      global
  Area mode:              physical library
============================================================

                                              Leakage      Internal   
        Gate         Instances     Area      Power (nW)   Power (nW)                  Library                 
--------------------------------------------------------------------------------------------------------------
ACHCONX2                     1       12.654       0.602      1514.367    gpdk045bc                            
ADDFXL                       1        6.840       0.168        55.112    gpdk045bc                            
ADDHX1                      11       56.430       1.993       525.647    gpdk045bc                            
ADDHX2                       2       10.260       0.465       391.614    gpdk045bc                            
ADDHX4                       1        7.182       0.416       129.230    gpdk045bc                            
ADDHXL                      25      119.700       3.955       919.628    gpdk045bc                            
AND2X1                      21       35.910       1.176       196.238    gpdk045bc                            
AND2X2                      22       45.144       1.964       522.323    gpdk045bc                            
AND2X4                       9       27.702       1.599       344.056    gpdk045bc                            
AND2X6                      12       45.144       3.437       994.159    gpdk045bc                            
AND2X8                       2        8.892       0.704       238.664    gpdk045bc                            
AND2XL                      57       97.470       2.641       423.202    gpdk045bc                            
AND3X1                       2        4.788       0.150         0.957    gpdk045bc                            
AND3X2                       5       13.680       0.467        15.678    gpdk045bc                            
AND3X4                       2        6.156       0.370        29.344    gpdk045bc                            
AND3XL                       5       10.260       0.328       200.103    gpdk045bc                            
AND4X4                       1        3.762       0.211        32.853    gpdk045bc                            
AND4XL                       5       11.970       0.424        97.008    gpdk045bc                            
AO21X1                       3        7.182       0.224        50.507    gpdk045bc                            
AO21X4                       3       10.260       0.643       269.502    gpdk045bc                            
AO21XL                      27       64.638       1.639       748.986    gpdk045bc                            
AO22X1                       3        9.234       0.236       178.844    gpdk045bc                            
AO22X2                       3        9.234       0.335       243.511    gpdk045bc                            
AO22X4                      23       86.526       5.101      3394.789    gpdk045bc                            
AO22XL                      22       60.192       1.419       771.885    gpdk045bc                            
AOI211X1                     1        2.394       0.113        68.017    gpdk045bc                            
AOI211X2                     2        6.840       0.451        26.665    gpdk045bc                            
AOI211X4                     4       25.992       1.807       634.654    gpdk045bc                            
AOI211XL                    16       32.832       0.906       221.877    gpdk045bc                            
AOI21X1                     28       57.456       2.274       527.676    gpdk045bc                            
AOI21X2                     61      166.896       9.933      2995.138    gpdk045bc                            
AOI21X4                     38      194.940      12.399      3150.538    gpdk045bc                            
AOI21XL                     49       83.790       2.020       761.343    gpdk045bc                            
AOI221X1                     3        9.234       0.357       239.432    gpdk045bc                            
AOI221X2                     2        8.892       0.464        87.643    gpdk045bc                            
AOI221XL                    10       34.200       0.613        74.713    gpdk045bc                            
AOI222X1                     2        6.156       0.254        50.860    gpdk045bc                            
AOI222XL                    62      212.040       4.293      1873.213    gpdk045bc                            
AOI22X1                     13       31.122       1.255       454.506    gpdk045bc                            
AOI22X2                     15       56.430       2.895      1024.236    gpdk045bc                            
AOI22X4                      7       43.092       2.701      1191.194    gpdk045bc                            
AOI22XL                     44      105.336       2.363       676.432    gpdk045bc                            
AOI2BB1X1                    7       14.364       0.603       446.793    gpdk045bc                            
AOI2BB1X2                    8       24.624       1.077       445.847    gpdk045bc                            
AOI2BB1X4                    3       12.312       0.803       729.101    gpdk045bc                            
AOI2BB1XL                   14       28.728       0.904       372.879    gpdk045bc                            
AOI2BB2X2                    3       15.390       0.695       524.300    gpdk045bc                            
AOI2BB2X4                    2       15.048       0.905       554.890    gpdk045bc                            
AOI31X2                      1        3.420       0.181        76.671    gpdk045bc                            
AOI31XL                      6       16.416       0.318       115.101    gpdk045bc                            
AOI32X1                      1        3.078       0.112        11.262    gpdk045bc                            
AOI32X2                      2        8.892       0.447       175.107    gpdk045bc                            
AOI32XL                      5       13.680       0.317        21.488    gpdk045bc                            
BUFX16                       3       20.520       2.016       714.261    gpdk045bc                            
BUFX2                       21       35.910       1.790       692.373    gpdk045bc                            
BUFX20                       7       57.456       5.882      1910.978    gpdk045bc                            
BUFX3                       21       43.092       2.867      1179.942    gpdk045bc                            
BUFX4                        6       14.364       1.018       199.723    gpdk045bc                            
BUFX6                       20       61.560       5.408      1983.452    gpdk045bc                            
BUFX8                        2        7.524       0.672       223.600    gpdk045bc                            
DFFQXL                      57      311.904      10.569     17530.908    gpdk045bc                            
DFFRHQX1                     2       16.416       0.584      1283.780    gpdk045bc                            
DFFRHQX2                    21      165.186       6.853     14873.387    gpdk045bc                            
DFFRX1                      19      162.450       5.195     13350.430    gpdk045bc                            
DFFRXL                      44      376.200      10.680     16811.151    gpdk045bc                            
DFFSHQX1                     1        8.208       0.291       462.247    gpdk045bc                            
INVX1                       46       31.464       1.528       268.167    gpdk045bc                            
INVX12                       1        4.104       0.394       169.236    gpdk045bc                            
INVX16                       4       21.888       2.137       235.686    gpdk045bc                            
INVX2                       34       34.884       2.259       454.963    gpdk045bc                            
INVX20                       5       32.490       3.284      1382.600    gpdk045bc                            
INVX3                       16       21.888       1.595       390.944    gpdk045bc                            
INVX4                       22       37.620       2.923       834.821    gpdk045bc                            
INVX6                       11       22.572       2.165       345.494    gpdk045bc                            
INVX8                       11       33.858       2.884       556.295    gpdk045bc                            
INVXL                      188      128.592       3.597       978.740    gpdk045bc                            
MX2X2                        1        3.078       0.128       109.355    gpdk045bc                            
MX2X4                        1        4.104       0.216        23.598    gpdk045bc                            
MX2XL                       27       73.872       2.186      1357.660    gpdk045bc                            
MXI2X1                       1        2.736       0.100        15.124    gpdk045bc                            
MXI2XL                      49      117.306       3.227      1909.007    gpdk045bc                            
NAND2BX1                    33       45.144       2.799      1943.546    gpdk045bc                            
NAND2BX2                    19       38.988       2.866      1993.255    gpdk045bc                            
NAND2BX4                    16       54.720       4.811      1240.957    gpdk045bc                            
NAND2BXL                    50       85.500       2.846      1270.733    gpdk045bc                            
NAND2X1                     81       83.106       5.347      2254.748    gpdk045bc                            
NAND2X2                     67      114.570       8.850      2911.621    gpdk045bc                            
NAND2X4                     96      328.320      25.337     10266.804    gpdk045bc                            
NAND2X6                     52      248.976      20.590      7002.506    gpdk045bc                            
NAND2X8                     30      164.160      15.581      3599.144    gpdk045bc                            
NAND2XL                    205      280.440       7.822      2087.459    gpdk045bc                            
NAND3BX1                     1        2.052       0.117        23.555    gpdk045bc                            
NAND3BX2                     1        3.078       0.215        46.227    gpdk045bc                            
NAND3BX4                     1        5.130       0.429        15.917    gpdk045bc                            
NAND3BXL                     3        5.130       0.227        12.157    gpdk045bc                            
NAND3X1                      1        1.710       0.098        41.475    gpdk045bc                            
NAND3X2                      3        8.208       0.590        60.620    gpdk045bc                            
NAND3X4                      4       19.152       1.567        42.923    gpdk045bc                            
NAND3X6                      1        7.182       0.586        21.578    gpdk045bc                            
NAND3X8                      2       16.416       1.536       149.840    gpdk045bc                            
NAND3XL                     12       20.520       0.683       109.368    gpdk045bc                            
NAND4BXL                     1        2.394       0.094        33.882    gpdk045bc                            
NAND4X4                      1        6.840       0.516        13.731    gpdk045bc                            
NAND4XL                     24       49.248       1.808       283.306    gpdk045bc                            
NOR2BX1                      9       15.390       0.611       282.198    gpdk045bc                            
NOR2BX2                     14       38.304       1.630      1082.539    gpdk045bc                            
NOR2BX4                      3       11.286       0.641        91.449    gpdk045bc                            
NOR2BXL                     50       85.500       2.310      1366.332    gpdk045bc                            
NOR2X1                      39       53.352       1.895       429.253    gpdk045bc                            
NOR2X2                      57      116.964       5.540      1925.213    gpdk045bc                            
NOR2X4                      46      157.320       8.940      3330.332    gpdk045bc                            
NOR2X6                      32      142.272       9.342      2563.250    gpdk045bc                            
NOR2X8                      27      147.744      10.431      2188.660    gpdk045bc                            
NOR2XL                     129      132.354       3.483      1385.174    gpdk045bc                            
NOR3BXL                      4        8.208       0.216       295.105    gpdk045bc                            
NOR3X2                       1        2.736       0.128        35.776    gpdk045bc                            
NOR3X4                       2       10.260       0.511       405.109    gpdk045bc                            
NOR3X6                       3       21.546       1.151       161.271    gpdk045bc                            
NOR3X8                       4       35.568       2.036        52.882    gpdk045bc                            
NOR3XL                      10       17.100       0.348       121.476    gpdk045bc                            
NOR4X2                       1        3.420       0.158       173.014    gpdk045bc                            
NOR4XL                       1        2.052       0.043         0.000    gpdk045bc                            
OA21X1                       1        2.394       0.071         3.709    gpdk045bc                            
OA21X4                       2        7.524       0.408        66.979    gpdk045bc                            
OA21XL                       3        8.208       0.169        45.094    gpdk045bc                            
OA22X1                       1        3.078       0.083        48.329    gpdk045bc                            
OA22X2                       1        3.420       0.116       111.382    gpdk045bc                            
OA22XL                       1        3.078       0.068       124.364    gpdk045bc                            
OAI211X1                     2        4.104       0.227        71.070    gpdk045bc                            
OAI211X2                     7       28.728       1.589       886.658    gpdk045bc                            
OAI211X4                    10       64.980       4.526      2396.541    gpdk045bc                            
OAI211XL                    12       24.624       0.776       222.334    gpdk045bc                            
OAI21X1                     33       67.716       2.682       831.208    gpdk045bc                            
OAI21X2                     35      107.730       5.689      1649.018    gpdk045bc                            
OAI21X4                     30      143.640       9.745      2759.986    gpdk045bc                            
OAI21XL                     85      145.350       3.903       900.834    gpdk045bc                            
OAI221X1                     3        8.208       0.386       143.713    gpdk045bc                            
OAI221X2                     6       28.728       1.545      1348.830    gpdk045bc                            
OAI221X4                     2       15.732       1.027      1379.902    gpdk045bc                            
OAI221XL                    14       43.092       1.013       264.047    gpdk045bc                            
OAI222X1                     1        3.078       0.144       118.130    gpdk045bc                            
OAI222XL                     7       21.546       0.562       399.356    gpdk045bc                            
OAI22X1                      1        2.394       0.097        39.169    gpdk045bc                            
OAI22X2                      5       17.100       0.965       437.767    gpdk045bc                            
OAI22X4                      3       19.494       1.159      1053.997    gpdk045bc                            
OAI22XL                     18       36.936       0.966       651.416    gpdk045bc                            
OAI2BB1X1                   11       22.572       0.975       222.764    gpdk045bc                            
OAI2BB1X2                   20       61.560       3.093      1392.247    gpdk045bc                            
OAI2BB1X4                   26      115.596       8.012      1935.497    gpdk045bc                            
OAI2BB1XL                   65      133.380       3.984      2643.220    gpdk045bc                            
OAI2BB2XL                    2        7.524       0.184        56.765    gpdk045bc                            
OAI31X1                      1        2.052       0.102        72.249    gpdk045bc                            
OAI31XL                      3        7.182       0.161       161.626    gpdk045bc                            
OAI33XL                      1        3.078       0.071         3.971    gpdk045bc                            
OR2X1                        9       15.390       0.638       315.224    gpdk045bc                            
OR2X2                        6       12.312       0.625       386.867    gpdk045bc                            
OR2X4                        5       15.390       1.033       379.006    gpdk045bc                            
OR2X6                       19       77.976       6.539      1108.349    gpdk045bc                            
OR2XL                       33       56.430       1.875       905.116    gpdk045bc                            
OR3X1                        1        2.052       0.090        66.366    gpdk045bc                            
OR3X4                        2        6.156       0.487         3.370    gpdk045bc                            
OR3X6                        1        4.788       0.418         5.708    gpdk045bc                            
OR3XL                       14       28.728       1.058       459.690    gpdk045bc                            
OR4X1                        3        7.182       0.326        83.441    gpdk045bc                            
OR4X4                        2        7.524       0.561       173.334    gpdk045bc                            
OR4X6                        3       16.416       1.476       500.494    gpdk045bc                            
OR4XL                        8       21.888       0.756       340.048    gpdk045bc                            
SDFFRHQX1                    2       19.152       0.744      2059.061    gpdk045bc                            
SDFFRXL                     64      656.640      18.733     18056.019    gpdk045bc                            
TLATNTSCAX2                 15       97.470       3.249     13915.233    gpdk045bc                            
XNOR2X1                      7       21.546       0.878       379.112    gpdk045bc                            
XNOR2X2                     11       45.144       1.746      1196.918    gpdk045bc                            
XNOR2X4                     46      188.784      12.444      6609.409    gpdk045bc                            
XNOR2XL                     10       34.200       1.115       826.576    gpdk045bc                            
XOR2X1                       4       12.312       0.503       261.456    gpdk045bc                            
XOR2X2                       4       13.680       0.636       589.904    gpdk045bc                            
XOR2X4                       2        8.208       0.542       690.769    gpdk045bc                            
XOR2XL                      38      116.964       4.247       971.687    gpdk045bc                            
XOR3XL                       1        7.524       0.276        52.450    gpdk045bc                            
i2c_master_top               1     5383.840       0.000         0.000    i2c_master_top                       
sram_32_1024_scl180          8  6548186.202  267696.000  21636100.769    sram_32_1024_scl180_max_1p8V_25C_lib 
uart                         1     3228.480       0.000         0.000    uart                                 
--------------------------------------------------------------------------------------------------------------
total                     3186  6565904.614  268130.793  21870260.638                                         


                                                                         Leakage  Leakage   Internal   Internal 
               Library               Instances Instances %     Area    Power (nW) Power %  Power (nW)   Power % 
----------------------------------------------------------------------------------------------------------------
gpdk045bc                                 3176        99.7    9106.092    434.793     0.2   234159.869      1.1 
i2c_master_top                               1         0.0    5383.840      0.000     0.0        0.000      0.0 
sram_32_1024_scl180_max_1p8V_25C_lib         8         0.3 6548186.202 267696.000    99.8 21636100.769     98.9 
uart                                         1         0.0    3228.480      0.000     0.0        0.000      0.0 

                                                            Leakage  Leakage   Internal   Internal 
            Type             Instances     Area    Area % Power (nW) Power %  Power (nW)   Power % 
---------------------------------------------------------------------------------------------------
timing_model                        10 6556798.522   99.9 267696.000    99.8 21636100.769     98.9 
sequential                         210    1716.156    0.0     53.650     0.0    84426.982      0.4 
inverter                           338     369.360    0.0     22.766     0.0     5616.947      0.0 
buffer                              80     240.426    0.0     19.654     0.0     6904.329      0.0 
clock_gating_integrated_cell        15      97.470    0.0      3.249     0.0    13915.233      0.1 
logic                             2533    6682.680    0.1    335.475     0.1   123296.378      0.6 
physical_cells                       0       0.000    0.0      0.000     0.0        0.000      0.0 
---------------------------------------------------------------------------------------------------
total                             3186 6565904.614  100.0 268130.793   100.0 21870260.638    100.0 

