============================================================
  Generated by:           Genus(TM) Synthesis Solution 21.12-s068_1
  Generated on:           Mar 12 2023  08:07:45 am
  Module:                 scr1_pipe_top
  Operating conditions:   slow 
  Interconnect mode:      global
  Area mode:              physical library
============================================================


Path 1: VIOLATED (-2195 ps) Setup Check with Pin i_pipe_ifu_imem_addr_ff_reg[13]/CK->D
          Group: C2C
     Startpoint: (F) sram_32_1024_scl180_ram8/clk0
          Clock: (F) clk
       Endpoint: (F) i_pipe_ifu_imem_addr_ff_reg[13]/D
          Clock: (R) clk

                     Capture       Launch     
        Clock Edge:+    8000         4000     
       Src Latency:+       0            0     
       Net Latency:+       0 (I)        0 (I) 
           Arrival:=    8000         4000     
                                              
             Setup:-      71                  
     Required Time:=    7929                  
      Launch Clock:-    4000                  
         Data Path:-    6124                  
             Slack:=   -2195                  

#----------------------------------------------------------------------------------------------------------------------------------------------------------------------------
#                            Timing Point                             Flags        Arc        Edge        Cell             Power    Fanout Load Trans Delay Arrival Instance 
#                                                                                                                          Domain          (fF)  (ps)  (ps)   (ps)  Location 
#----------------------------------------------------------------------------------------------------------------------------------------------------------------------------
  sram_32_1024_scl180_ram8/clk0                                       -       -               F     (arrival)            pd_SOC_TOP     32    -     0     0    4000    (-,-) 
  sram_32_1024_scl180_ram8/dout0[28]                                  (P)     clk0->dout0[28] F     sram_32_1024_scl180  pd_SOC_TOP      3 19.5    12  3258    7258    (-,-) 
  i_pipe_exu_i_ialu_sub_202_49_Y_i_pipe_exu_i_ialu_add_203_49_g3030/Y -       B->Y            R     NOR2X8               pd_SOC_TOP      3 17.3   140   137    7395    (-,-) 
  i_pipe_exu_i_ialu_sub_202_49_Y_i_pipe_exu_i_ialu_add_203_49_g2948/Y -       B->Y            F     NOR2X6               pd_SOC_TOP      2 13.7    70    80    7475    (-,-) 
  i_pipe_exu_i_ialu_sub_202_49_Y_i_pipe_exu_i_ialu_add_203_49_g2895/Y -       B->Y            R     NOR2X4               pd_SOC_TOP      1  7.0    81    64    7538    (-,-) 
  i_pipe_exu_i_ialu_sub_202_49_Y_i_pipe_exu_i_ialu_add_203_49_g2870/Y -       B0->Y           F     OAI2BB1X4            pd_SOC_TOP      1  5.4    81    78    7617    (-,-) 
  i_pipe_exu_i_ialu_sub_202_49_Y_i_pipe_exu_i_ialu_add_203_49_g2828/Y -       B->Y            F     OR2X6                pd_SOC_TOP      3 16.4    74   134    7751    (-,-) 
  i_pipe_exu_i_ialu_sub_202_49_Y_i_pipe_exu_i_ialu_add_203_49_g2821/Y -       A->Y            R     INVX6                pd_SOC_TOP      3 16.6    57    54    7805    (-,-) 
  i_pipe_exu_i_ialu_sub_202_49_Y_i_pipe_exu_i_ialu_add_203_49_g2803/Y -       A1->Y           F     OAI21X4              pd_SOC_TOP      1  5.3    90    74    7879    (-,-) 
  i_pipe_exu_i_ialu_sub_202_49_Y_i_pipe_exu_i_ialu_add_203_49_g2794/Y -       B->Y            F     XNOR2X4              pd_SOC_TOP      2 12.1   102   173    8052    (-,-) 
  g56209/Y                                                            -       A->Y            R     NOR2X8               pd_SOC_TOP      1 10.3    74    75    8127    (-,-) 
  g55708__6131/Y                                                      -       B->Y            F     NAND3X8              pd_SOC_TOP      1  9.9   125   103    8230    (-,-) 
  g55665__2802/Y                                                      -       B->Y            R     NOR2X8               pd_SOC_TOP      2 14.2    92    83    8313    (-,-) 
  g55651/Y                                                            -       A->Y            F     INVX8                pd_SOC_TOP      1  9.9    42    51    8364    (-,-) 
  g55611__4733/Y                                                      -       B->Y            R     NOR2X8               pd_SOC_TOP      1  9.9    64    47    8411    (-,-) 
  g55579__2346/Y                                                      -       B->Y            F     NAND2X8              pd_SOC_TOP      1 10.0    76    63    8474    (-,-) 
  g55520__3680/Y                                                      -       A->Y            R     NOR3X8               pd_SOC_TOP      1  9.9   115   104    8579    (-,-) 
  g55501__6161/Y                                                      -       B->Y            F     NOR2X8               pd_SOC_TOP      3 16.1    74    68    8647    (-,-) 
  g55488__2802/Y                                                      -       B->Y            R     NOR2X6               pd_SOC_TOP      2 10.3    80    64    8711    (-,-) 
  g55037__6131/Y                                                      -       B->Y            R     OR2X6                pd_SOC_TOP      1  9.8    44    92    8803    (-,-) 
  g54961__5526/Y                                                      -       A->Y            F     NAND2X8              pd_SOC_TOP      2 13.4    94    69    8872    (-,-) 
  g54925__5107/Y                                                      -       B->Y            R     NOR2BX4              pd_SOC_TOP      1  6.7    85    71    8943    (-,-) 
  g54909/Y                                                            -       A->Y            R     BUFX16               pd_SOC_TOP      5 28.7    47   100    9043    (-,-) 
  g57088/Y                                                            -       A->Y            R     BUFX20               pd_SOC_TOP     11 47.1    55    91    9134    (-,-) 
  g54854__7482/Y                                                      -       B->Y            F     NAND2X4              pd_SOC_TOP      1  8.3   107    72    9207    (-,-) 
  g54770__3680/Y                                                      -       B->Y            R     NAND2X6              pd_SOC_TOP      3 16.8    69    68    9275    (-,-) 
  g28342/Y                                                            -       A1->Y           F     AOI21X4              pd_SOC_TOP      1  7.0   100    84    9359    (-,-) 
  g28265/Y                                                            -       A->Y            R     NOR2X4               pd_SOC_TOP      2 11.0   110    97    9456    (-,-) 
  g28188/Y                                                            -       B->Y            F     NAND2X6              pd_SOC_TOP      1 10.1    93    86    9542    (-,-) 
  g28132/Y                                                            -       B->Y            R     NOR3X8               pd_SOC_TOP      2 13.0   132   110    9652    (-,-) 
  g28121/Y                                                            -       B->Y            F     NAND2X4              pd_SOC_TOP      2 11.5   129   112    9764    (-,-) 
  g28108/Y                                                            -       B->Y            R     NOR2X6               pd_SOC_TOP      2 13.0   101    90    9853    (-,-) 
  g28085/Y                                                            -       B->Y            F     NAND2X6              pd_SOC_TOP      2  8.7    85    79    9932    (-,-) 
  g28063/Y                                                            -       B->Y            R     NAND2X2              pd_SOC_TOP      1  5.3    61    60    9992    (-,-) 
  g28032/Y                                                            -       C0->Y           F     OAI211X2             pd_SOC_TOP      1  4.6   197   133   10124    (-,-) 
  i_pipe_ifu_imem_addr_ff_reg[13]/D                                   -       -               F     DFFRHQX2             pd_SOC_TOP      1    -     -     0   10124    (-,-) 
#----------------------------------------------------------------------------------------------------------------------------------------------------------------------------

(P) : Instance is preserved

